GROUP,PACKAGE,CLASS,INSTRUCTION_MISSED,INSTRUCTION_COVERED,BRANCH_MISSED,BRANCH_COVERED,LINE_MISSED,LINE_COVERED,COMPLEXITY_MISSED,COMPLEXITY_COVERED,METHOD_MISSED,METHOD_COVERED
User Management System - Testing,com.usermanagement.service,UserService,0,325,0,58,0,79,0,42,0,13
User Management System - Testing,com.usermanagement.exception,UserException,5,4,0,0,2,2,1,1,1,1
User Management System - Testing,com.usermanagement.model,User,105,75,10,0,26,30,15,14,10,14
User Management System - Testing,com.usermanagement.validator,UserValidator,10,127,7,29,2,32,7,18,0,7
