<?xml version="1.0" encoding="UTF-8"?>
<testsuite xmlns:xsi="http://www.w3.org/2001/XMLSchema-instance" xsi:noNamespaceSchemaLocation="https://maven.apache.org/surefire/maven-surefire-plugin/xsd/surefire-test-report.xsd" name="com.usermanagement.service.UserServiceTest" time="0.27" tests="47" errors="0" skipped="0" failures="0">
  <properties>
[...]
</properties>
  <testcase name="testChangePasswordSuccessWithValidData" classname="com.usermanagement.service.UserServiceTest" time="0.079"/>
  <testcase name="testChangePasswordFailsWithNullOldPassword" classname="com.usermanagement.service.UserServiceTest" time="0.001"/>
  <testcase name="testRegisterFailsWithEmptyEmail" classname="com.usermanagement.service.UserServiceTest" time="0.002"/>
  <testcase name="testRegisterFailsWithEmptyUsername" classname="com.usermanagement.service.UserServiceTest" time="0.001"/>
  <testcase name="testLoginSuccessWithValidCredentials" classname="com.usermanagement.service.UserServiceTest" time="0.004"/>
  <testcase name="testCompleteUserFlow" classname="com.usermanagement.service.UserServiceTest" time="0.002"/>
  <testcase name="testLoginFailsWithNonExistentUsername" classname="com.usermanagement.service.UserServiceTest" time="0.002"/>
  <testcase name="testDeleteUserFailsWithNonExistentUser" classname="com.usermanagement.service.UserServiceTest" time="0.004"/>
  <testcase name="testDeleteUserFailsWhenDeletedTwice" classname="com.usermanagement.service.UserServiceTest" time="0.001"/>
  <testcase name="testRegisterFailsWithPasswordTooShort" classname="com.usermanagement.service.UserServiceTest" time="0.002"/>
  <testcase name="testLoginFailsWithWrongPassword" classname="com.usermanagement.service.UserServiceTest" time="0.001"/>
  <testcase name="testRegisterFailsWithFullNameTooLong" classname="com.usermanagement.service.UserServiceTest" time="0.001"/>
  <testcase name="testMultipleUserRegistration" classname="com.usermanagement.service.UserServiceTest" time="0.001"/>
  <testcase name="testLoginFailsWithNullUsername" classname="com.usermanagement.service.UserServiceTest" time="0.002"/>
  <testcase name="testChangePasswordFailsWithWrongOldPassword" classname="com.usermanagement.service.UserServiceTest" time="0.002"/>
  <testcase name="testChangePasswordFailsWhenNewPasswordSameAsOld" classname="com.usermanagement.service.UserServiceTest" time="0.005"/>
  <testcase name="testChangePasswordNormalLength" classname="com.usermanagement.service.UserServiceTest" time="0.002"/>
  <testcase name="testRegisterFailsWithEmailMissingAtSymbol" classname="com.usermanagement.service.UserServiceTest" time="0.001"/>
  <testcase name="testRegisterFailsWithInvalidEmail" classname="com.usermanagement.service.UserServiceTest" time="0.001"/>
  <testcase name="testChangePasswordFailsWithEmptyNewPassword" classname="com.usermanagement.service.UserServiceTest" time="0.001"/>
  <testcase name="testChangePasswordFailsWithNewPasswordTooShort" classname="com.usermanagement.service.UserServiceTest" time="0.001"/>
  <testcase name="testUsernameIsCaseSensitive" classname="com.usermanagement.service.UserServiceTest" time="0.004"/>
  <testcase name="testRegisterFailsWithEmptyPassword" classname="com.usermanagement.service.UserServiceTest" time="0.001"/>
  <testcase name="testDeleteUserAfterLogin" classname="com.usermanagement.service.UserServiceTest" time="0.003"/>
  <testcase name="testChangePasswordFailsWithWhitespaceNewPassword" classname="com.usermanagement.service.UserServiceTest" time="0.001"/>
  <testcase name="testRegisterSuccessWithMinLengthUsername" classname="com.usermanagement.service.UserServiceTest" time="0.001"/>
  <testcase name="testChangePasswordFailsWithNonExistentUser" classname="com.usermanagement.service.UserServiceTest" time="0.002"/>
  <testcase name="testRegisterSuccessWithNullFullName" classname="com.usermanagement.service.UserServiceTest" time="0.001"/>
  <testcase name="testLoginFailsWithNullPassword" classname="com.usermanagement.service.UserServiceTest" time="0.001"/>
  <testcase name="testLoginFailsWithEmptyUsername" classname="com.usermanagement.service.UserServiceTest" time="0.001"/>
  <testcase name="testLoginFailsWithInactiveAccount" classname="com.usermanagement.service.UserServiceTest" time="0.001"/>
  <testcase name="testRegisterFailsWithDuplicateEmail" classname="com.usermanagement.service.UserServiceTest" time="0.014"/>
  <testcase name="testDeleteUserSuccessWithValidId" classname="com.usermanagement.service.UserServiceTest" time="0.001"/>
  <testcase name="testChangePasswordFailsWithWhitespaceOldPassword" classname="com.usermanagement.service.UserServiceTest" time="0.001"/>
  <testcase name="testChangePasswordSuccessWithBoundaryLength" classname="com.usermanagement.service.UserServiceTest" time="0.002"/>
  <testcase name="testRegisterRejectsDuplicateUsernameWithDifferentEmail" classname="com.usermanagement.service.UserServiceTest" time="0.002"/>
  <testcase name="testChangePasswordFailsWithNullNewPassword" classname="com.usermanagement.service.UserServiceTest" time="0.002"/>
  <testcase name="testRegisterFailsWithDuplicateUsername" classname="com.usermanagement.service.UserServiceTest" time="0.002"/>
  <testcase name="testRegisterSuccessWithMinLengthPassword" classname="com.usermanagement.service.UserServiceTest" time="0.001"/>
  <testcase name="testDeleteUserDoesNotAffectOtherUsers" classname="com.usermanagement.service.UserServiceTest" time="0.001"/>
  <testcase name="testRegisterFailsWithUsernameTooLong" classname="com.usermanagement.service.UserServiceTest" time="0.001"/>
  <testcase name="testLoginWithUsernameContainingSpaces" classname="com.usermanagement.service.UserServiceTest" time="0.001"/>
  <testcase name="testRegisterSuccessWithValidData" classname="com.usermanagement.service.UserServiceTest" time="0.001"/>
  <testcase name="testRegisterSuccessWithMaxLengthUsername" classname="com.usermanagement.service.UserServiceTest" time="0.001"/>
  <testcase name="testLoginFailsWithEmptyPassword" classname="com.usermanagement.service.UserServiceTest" time="0.001"/>
  <testcase name="testRegisterFailsWithUsernameTooShort" classname="com.usermanagement.service.UserServiceTest" time="0.001"/>
  <testcase name="testRegisterFailsWithUsernameContainingSpecialChars" classname="com.usermanagement.service.UserServiceTest" time="0.001"/>
</testsuite>