<?xml version="1.0" encoding="UTF-8"?>
<testsuite xmlns:xsi="http://www.w3.org/2001/XMLSchema-instance" xsi:noNamespaceSchemaLocation="https://maven.apache.org/surefire/maven-surefire-plugin/xsd/surefire-test-report.xsd" name="com.usermanagement.service.UserServiceTest" time="0.279" tests="62" errors="0" skipped="0" failures="0">
  <properties>
[...]
</properties>
  <testcase name="testChangePasswordSuccessWithValidData" classname="com.usermanagement.service.UserServiceTest" time="0.044"/>
  <testcase name="testRegisterFailsWithEmptyEmail" classname="com.usermanagement.service.UserServiceTest" time="0"/>
  <testcase name="testRegisterFailsWithEmptyUsername" classname="com.usermanagement.service.UserServiceTest" time="0"/>
  <testcase name="testUpdateUserSuccessWithValidEmail" classname="com.usermanagement.service.UserServiceTest" time="0.002"/>
  <testcase name="testUpdateUserSuccessWithValidPhone" classname="com.usermanagement.service.UserServiceTest" time="0.001"/>
  <testcase name="testLoginSuccessWithValidCredentials" classname="com.usermanagement.service.UserServiceTest" time="0.001"/>
  <testcase name="testCompleteUserFlow" classname="com.usermanagement.service.UserServiceTest" time="0.002"/>
  <testcase name="testLoginFailsWithNonExistentUsername" classname="com.usermanagement.service.UserServiceTest" time="0.001"/>
  <testcase name="testDeleteUserFailsWithNonExistentUser" classname="com.usermanagement.service.UserServiceTest" time="0.005"/>
  <testcase name="testDeleteUserFailsWhenDeletedTwice" classname="com.usermanagement.service.UserServiceTest" time="0.004"/>
  <testcase name="testRegisterFailsWithPasswordTooShort" classname="com.usermanagement.service.UserServiceTest" time="0.005"/>
  <testcase name="testLoginFailsWithWrongPassword" classname="com.usermanagement.service.UserServiceTest" time="0.001"/>
  <testcase name="testRegisterFailsWithFullNameTooLong" classname="com.usermanagement.service.UserServiceTest" time="0.007"/>
  <testcase name="testDeleteUserFailsWithNullUserId" classname="com.usermanagement.service.UserServiceTest" time="0.004"/>
  <testcase name="testMultipleUserRegistration" classname="com.usermanagement.service.UserServiceTest" time="0.02"/>
  <testcase name="testLoginFailsWithNullUsername" classname="com.usermanagement.service.UserServiceTest" time="0.007"/>
  <testcase name="testDeleteUserFailsWithInvalidUserIdNegative" classname="com.usermanagement.service.UserServiceTest" time="0"/>
  <testcase name="testUpdateUserWithEmptyPhoneDoesNotChange" classname="com.usermanagement.service.UserServiceTest" time="0"/>
  <testcase name="testChangePasswordFailsWithWrongOldPassword" classname="com.usermanagement.service.UserServiceTest" time="0"/>
  <testcase name="testUpdateUserWithNullPhoneDoesNotChange" classname="com.usermanagement.service.UserServiceTest" time="0"/>
  <testcase name="testChangePasswordFailsWhenNewPasswordSameAsOld" classname="com.usermanagement.service.UserServiceTest" time="0"/>
  <testcase name="testChangePasswordNormalLength" classname="com.usermanagement.service.UserServiceTest" time="0"/>
  <testcase name="testRegisterFailsWithEmailMissingAtSymbol" classname="com.usermanagement.service.UserServiceTest" time="0"/>
  <testcase name="testRegisterFailsWithInvalidEmail" classname="com.usermanagement.service.UserServiceTest" time="0.001"/>
  <testcase name="testChangePasswordFailsWithEmptyNewPassword" classname="com.usermanagement.service.UserServiceTest" time="0"/>
  <testcase name="testChangePasswordFailsWithNewPasswordTooShort" classname="com.usermanagement.service.UserServiceTest" time="0"/>
  <testcase name="testUsernameIsCaseSensitive" classname="com.usermanagement.service.UserServiceTest" time="0"/>
  <testcase name="testRegisterFailsWithEmptyPassword" classname="com.usermanagement.service.UserServiceTest" time="0"/>
  <testcase name="testUpdateUserWithEmptyEmailDoesNotChange" classname="com.usermanagement.service.UserServiceTest" time="0.001"/>
  <testcase name="testDeleteUserAfterLogin" classname="com.usermanagement.service.UserServiceTest" time="0.001"/>
  <testcase name="testRegisterSuccessWithMinLengthUsername" classname="com.usermanagement.service.UserServiceTest" time="0.002"/>
  <testcase name="testUpdateUserWithNullFullNameDoesNotChange" classname="com.usermanagement.service.UserServiceTest" time="0.003"/>
  <testcase name="testUpdateUserWithNullEmailDoesNotChange" classname="com.usermanagement.service.UserServiceTest" time="0.005"/>
  <testcase name="testChangePasswordFailsWithNonExistentUser" classname="com.usermanagement.service.UserServiceTest" time="0.001"/>
  <testcase name="testRegisterSuccessWithNullFullName" classname="com.usermanagement.service.UserServiceTest" time="0.001"/>
  <testcase name="testLoginFailsWithNullPassword" classname="com.usermanagement.service.UserServiceTest" time="0.001"/>
  <testcase name="testUpdateUserSuccessWithAllFields" classname="com.usermanagement.service.UserServiceTest" time="0.007"/>
  <testcase name="testLoginFailsWithEmptyUsername" classname="com.usermanagement.service.UserServiceTest" time="0"/>
  <testcase name="testLoginFailsWithInactiveAccount" classname="com.usermanagement.service.UserServiceTest" time="0"/>
  <testcase name="testRegisterFailsWithDuplicateEmail" classname="com.usermanagement.service.UserServiceTest" time="0.016"/>
  <testcase name="testUpdateUserFailsWithFullNameTooLong" classname="com.usermanagement.service.UserServiceTest" time="0"/>
  <testcase name="testDeleteUserSuccessWithValidId" classname="com.usermanagement.service.UserServiceTest" time="0.001"/>
  <testcase name="testUpdateUserFailsWithInvalidEmail" classname="com.usermanagement.service.UserServiceTest" time="0.001"/>
  <testcase name="testUpdateUserFailsWithInvalidPhone" classname="com.usermanagement.service.UserServiceTest" time="0"/>
  <testcase name="testDeleteUserFailsWithInvalidUserIdZero" classname="com.usermanagement.service.UserServiceTest" time="0"/>
  <testcase name="testRegisterRejectsDuplicateUsernameWithDifferentEmail" classname="com.usermanagement.service.UserServiceTest" time="0.003"/>
  <testcase name="testUpdateUserWithSameEmailDoesNotThrow" classname="com.usermanagement.service.UserServiceTest" time="0.006"/>
  <testcase name="testUpdateUserFailsWithDuplicateEmail" classname="com.usermanagement.service.UserServiceTest" time="0.003"/>
  <testcase name="testUpdateUserWithEmptyFullNameDoesNotChange" classname="com.usermanagement.service.UserServiceTest" time="0"/>
  <testcase name="testRegisterFailsWithDuplicateUsername" classname="com.usermanagement.service.UserServiceTest" time="0.001"/>
  <testcase name="testUpdateUserSuccessWithValidFullName" classname="com.usermanagement.service.UserServiceTest" time="0.001"/>
  <testcase name="testRegisterSuccessWithMinLengthPassword" classname="com.usermanagement.service.UserServiceTest" time="0.001"/>
  <testcase name="testDeleteUserDoesNotAffectOtherUsers" classname="com.usermanagement.service.UserServiceTest" time="0.007"/>
  <testcase name="testUpdateUserMultipleFields" classname="com.usermanagement.service.UserServiceTest" time="0.005"/>
  <testcase name="testRegisterFailsWithUsernameTooLong" classname="com.usermanagement.service.UserServiceTest" time="0"/>
  <testcase name="testLoginWithUsernameContainingSpaces" classname="com.usermanagement.service.UserServiceTest" time="0"/>
  <testcase name="testRegisterSuccessWithValidData" classname="com.usermanagement.service.UserServiceTest" time="0.015"/>
  <testcase name="testRegisterSuccessWithMaxLengthUsername" classname="com.usermanagement.service.UserServiceTest" time="0.002"/>
  <testcase name="testLoginFailsWithEmptyPassword" classname="com.usermanagement.service.UserServiceTest" time="0.002"/>
  <testcase name="testUpdateUserFailsWithNonExistentUser" classname="com.usermanagement.service.UserServiceTest" time="0.005"/>
  <testcase name="testRegisterFailsWithUsernameTooShort" classname="com.usermanagement.service.UserServiceTest" time="0.001"/>
  <testcase name="testRegisterFailsWithUsernameContainingSpecialChars" classname="com.usermanagement.service.UserServiceTest" time="0"/>
</testsuite>